Square matrices are 512 x 512 (262144 elements)!

Setting up PAPI... PAPI has 11 counters
done!
Initializing matrices...done!
Code version 2: Loop reordering
>>>>
	Measurement loop 0 out of 2
Warming up caches...done!
run=0 ...done!	>>>>
	Measurement loop 1 out of 2
Warming up caches...done!
run=0 ...done!	>>>>
	Measurement loop 2 out of 2
Warming up caches...done!
run=0 ...done!	

Wall clock time: 132393 usecs
PAPI_TOT_CYC = 409362425
PAPI_TOT_INS = 941104105
PAPI_SR_INS = 134217778
PAPI_LD_INS = 402672369
CPI = 0.4; CPE = 1561.6
Verification: generating the reference solution...done!
comparing reference solution with C...e_sum: 0.000000  OK!

That's all, folks
