Square matrices are 512 x 512 (262144 elements)!

Setting up PAPI... PAPI has 11 counters
done!
Initializing matrices...done!
Code version 1: Unoptimized algorithm
>>>>
	Measurement loop 0 out of 2
Warming up caches...done!
run=0 ...done!	>>>>
	Measurement loop 1 out of 2
Warming up caches...done!
run=0 ...done!	>>>>
	Measurement loop 2 out of 2
Warming up caches...done!
run=0 ...done!	

Wall clock time: 883948 usecs
PAPI_TOT_CYC = 2734150051
PAPI_TOT_INS = 1210064128
PAPI_SR_INS = 134217781
PAPI_LD_INS = 402742334
CPI = 2.3; CPE = 10430.0
Verification: generating the reference solution...done!
comparing reference solution with C...e_sum: 0.000000  OK!

That's all, folks
