Using 
32
 threads
Square matrices are 1024 x 1024 (1048576 elements)!

Setting up PAPI...done!
Initializing matrices...done!
Code version 10: OpenMP
Warming up caches...done!
run=0 ...done!	run=1 ...done!	run=2 ...done!		Texec: 46 msecs
-- THREAD 0 :	PAPI_TOT_CYC = 136.199 M	PAPI_TOT_INS = 201.874 M
-- THREAD 1 :	PAPI_TOT_CYC = 136.405 M	PAPI_TOT_INS = 201.954 M
-- THREAD 2 :	PAPI_TOT_CYC = 136.627 M	PAPI_TOT_INS = 202.010 M
-- THREAD 3 :	PAPI_TOT_CYC = 136.186 M	PAPI_TOT_INS = 201.878 M
-- THREAD 4 :	PAPI_TOT_CYC = 136.622 M	PAPI_TOT_INS = 202.030 M
-- THREAD 5 :	PAPI_TOT_CYC = 136.347 M	PAPI_TOT_INS = 201.919 M
-- THREAD 6 :	PAPI_TOT_CYC = 136.486 M	PAPI_TOT_INS = 201.961 M
-- THREAD 7 :	PAPI_TOT_CYC = 136.527 M	PAPI_TOT_INS = 201.942 M
-- THREAD 8 :	PAPI_TOT_CYC = 136.601 M	PAPI_TOT_INS = 202.011 M
-- THREAD 9 :	PAPI_TOT_CYC = 136.529 M	PAPI_TOT_INS = 201.998 M
-- THREAD 10 :	PAPI_TOT_CYC = 136.376 M	PAPI_TOT_INS = 202.016 M
-- THREAD 11 :	PAPI_TOT_CYC = 136.497 M	PAPI_TOT_INS = 201.984 M
-- THREAD 12 :	PAPI_TOT_CYC = 136.424 M	PAPI_TOT_INS = 201.938 M
-- THREAD 13 :	PAPI_TOT_CYC = 136.244 M	PAPI_TOT_INS = 201.895 M
-- THREAD 14 :	PAPI_TOT_CYC = 136.301 M	PAPI_TOT_INS = 201.927 M
-- THREAD 15 :	PAPI_TOT_CYC = 136.182 M	PAPI_TOT_INS = 201.557 M
-- THREAD 16 :	PAPI_TOT_CYC = 136.506 M	PAPI_TOT_INS = 201.993 M
-- THREAD 17 :	PAPI_TOT_CYC = 136.671 M	PAPI_TOT_INS = 202.023 M
-- THREAD 18 :	PAPI_TOT_CYC = 136.495 M	PAPI_TOT_INS = 201.960 M
-- THREAD 19 :	PAPI_TOT_CYC = 136.060 M	PAPI_TOT_INS = 201.840 M
-- THREAD 20 :	PAPI_TOT_CYC = 136.407 M	PAPI_TOT_INS = 201.934 M
-- THREAD 21 :	PAPI_TOT_CYC = 136.263 M	PAPI_TOT_INS = 201.907 M
-- THREAD 22 :	PAPI_TOT_CYC = 136.352 M	PAPI_TOT_INS = 201.915 M
-- THREAD 23 :	PAPI_TOT_CYC = 136.422 M	PAPI_TOT_INS = 201.755 M
-- THREAD 24 :	PAPI_TOT_CYC = 135.740 M	PAPI_TOT_INS = 201.842 M
-- THREAD 25 :	PAPI_TOT_CYC = 136.425 M	PAPI_TOT_INS = 201.951 M
-- THREAD 26 :	PAPI_TOT_CYC = 136.396 M	PAPI_TOT_INS = 201.949 M
-- THREAD 27 :	PAPI_TOT_CYC = 136.190 M	PAPI_TOT_INS = 201.871 M
-- THREAD 28 :	PAPI_TOT_CYC = 136.556 M	PAPI_TOT_INS = 202.003 M
-- THREAD 29 :	PAPI_TOT_CYC = 136.273 M	PAPI_TOT_INS = 201.895 M
-- THREAD 30 :	PAPI_TOT_CYC = 136.653 M	PAPI_TOT_INS = 202.019 M
-- THREAD 31 :	PAPI_TOT_CYC = 136.408 M	PAPI_TOT_INS = 201.947 M

Total instructions = 6462 M
Perceived clock cycles = 137 M
Perceived CPI = 0.021

Verification: generating the reference solution...done!
comparing reference solution with C...e_sum: 0.000000  OK!

That's all, folks
