Using 
8
 threads
Square matrices are 1024 x 1024 (1048576 elements)!

Setting up PAPI...done!
Initializing matrices...done!
Code version 11: Compiler vectorization plus OpenMP
Warming up caches...done!
run=0 ...done!	run=1 ...done!	run=2 ...done!		Texec: 28 msecs
-- THREAD 0 :	PAPI_TOT_CYC = 88.552 M	PAPI_TOT_INS = 204.637 M
-- THREAD 1 :	PAPI_TOT_CYC = 85.661 M	PAPI_TOT_INS = 203.296 M
-- THREAD 2 :	PAPI_TOT_CYC = 85.740 M	PAPI_TOT_INS = 203.555 M
-- THREAD 3 :	PAPI_TOT_CYC = 88.593 M	PAPI_TOT_INS = 204.733 M
-- THREAD 4 :	PAPI_TOT_CYC = 85.765 M	PAPI_TOT_INS = 204.038 M
-- THREAD 5 :	PAPI_TOT_CYC = 88.547 M	PAPI_TOT_INS = 204.870 M
-- THREAD 6 :	PAPI_TOT_CYC = 85.772 M	PAPI_TOT_INS = 204.003 M
-- THREAD 7 :	PAPI_TOT_CYC = 88.582 M	PAPI_TOT_INS = 204.877 M

Total instructions = 1634 M
Perceived clock cycles = 89 M
Perceived CPI = 0.054

Verification: generating the reference solution...done!
comparing reference solution with C...e_sum: 0.000000  OK!

That's all, folks
