Using 
8
 threads
Square matrices are 1024 x 1024 (1048576 elements)!

Setting up PAPI...done!
Initializing matrices...done!
Code version 10: OpenMP
Warming up caches...done!
run=0 ...done!	run=1 ...done!	run=2 ...done!		Texec: 92 msecs
-- THREAD 0 :	PAPI_TOT_CYC = 279.831 M	PAPI_TOT_INS = 808.326 M
-- THREAD 1 :	PAPI_TOT_CYC = 275.077 M	PAPI_TOT_INS = 806.226 M
-- THREAD 2 :	PAPI_TOT_CYC = 275.229 M	PAPI_TOT_INS = 806.388 M
-- THREAD 3 :	PAPI_TOT_CYC = 279.805 M	PAPI_TOT_INS = 808.326 M
-- THREAD 4 :	PAPI_TOT_CYC = 279.687 M	PAPI_TOT_INS = 808.326 M
-- THREAD 5 :	PAPI_TOT_CYC = 275.305 M	PAPI_TOT_INS = 806.546 M
-- THREAD 6 :	PAPI_TOT_CYC = 275.235 M	PAPI_TOT_INS = 806.506 M
-- THREAD 7 :	PAPI_TOT_CYC = 279.724 M	PAPI_TOT_INS = 808.326 M

Total instructions = 6459 M
Perceived clock cycles = 280 M
Perceived CPI = 0.043

Verification: generating the reference solution...done!
comparing reference solution with C...e_sum: 0.000000  OK!

That's all, folks
