Using 
32
 threads
Square matrices are 1024 x 1024 (1048576 elements)!

Setting up PAPI...done!
Initializing matrices...done!
Code version 11: Compiler vectorization plus OpenMP
Warming up caches...done!
run=0 ...done!	run=1 ...done!	run=2 ...done!		Texec: 13 msecs
-- THREAD 0 :	PAPI_TOT_CYC = 38.315 M	PAPI_TOT_INS = 51.105 M
-- THREAD 1 :	PAPI_TOT_CYC = 37.872 M	PAPI_TOT_INS = 51.233 M
-- THREAD 2 :	PAPI_TOT_CYC = 38.090 M	PAPI_TOT_INS = 50.969 M
-- THREAD 3 :	PAPI_TOT_CYC = 37.957 M	PAPI_TOT_INS = 50.874 M
-- THREAD 4 :	PAPI_TOT_CYC = 37.803 M	PAPI_TOT_INS = 50.853 M
-- THREAD 5 :	PAPI_TOT_CYC = 37.945 M	PAPI_TOT_INS = 51.418 M
-- THREAD 6 :	PAPI_TOT_CYC = 38.322 M	PAPI_TOT_INS = 51.424 M
-- THREAD 7 :	PAPI_TOT_CYC = 37.839 M	PAPI_TOT_INS = 50.824 M
-- THREAD 8 :	PAPI_TOT_CYC = 38.341 M	PAPI_TOT_INS = 51.602 M
-- THREAD 9 :	PAPI_TOT_CYC = 38.070 M	PAPI_TOT_INS = 50.928 M
-- THREAD 10 :	PAPI_TOT_CYC = 38.090 M	PAPI_TOT_INS = 51.180 M
-- THREAD 11 :	PAPI_TOT_CYC = 38.194 M	PAPI_TOT_INS = 50.957 M
-- THREAD 12 :	PAPI_TOT_CYC = 38.231 M	PAPI_TOT_INS = 51.104 M
-- THREAD 13 :	PAPI_TOT_CYC = 38.119 M	PAPI_TOT_INS = 51.010 M
-- THREAD 14 :	PAPI_TOT_CYC = 37.655 M	PAPI_TOT_INS = 50.845 M
-- THREAD 15 :	PAPI_TOT_CYC = 37.976 M	PAPI_TOT_INS = 51.180 M
-- THREAD 16 :	PAPI_TOT_CYC = 37.782 M	PAPI_TOT_INS = 50.877 M
-- THREAD 17 :	PAPI_TOT_CYC = 37.819 M	PAPI_TOT_INS = 50.951 M
-- THREAD 18 :	PAPI_TOT_CYC = 38.122 M	PAPI_TOT_INS = 51.030 M
-- THREAD 19 :	PAPI_TOT_CYC = 38.092 M	PAPI_TOT_INS = 50.980 M
-- THREAD 20 :	PAPI_TOT_CYC = 38.173 M	PAPI_TOT_INS = 51.355 M
-- THREAD 21 :	PAPI_TOT_CYC = 37.675 M	PAPI_TOT_INS = 50.903 M
-- THREAD 22 :	PAPI_TOT_CYC = 37.967 M	PAPI_TOT_INS = 50.957 M
-- THREAD 23 :	PAPI_TOT_CYC = 38.288 M	PAPI_TOT_INS = 51.095 M
-- THREAD 24 :	PAPI_TOT_CYC = 38.066 M	PAPI_TOT_INS = 50.958 M
-- THREAD 25 :	PAPI_TOT_CYC = 38.308 M	PAPI_TOT_INS = 51.603 M
-- THREAD 26 :	PAPI_TOT_CYC = 38.300 M	PAPI_TOT_INS = 51.432 M
-- THREAD 27 :	PAPI_TOT_CYC = 37.908 M	PAPI_TOT_INS = 51.419 M
-- THREAD 28 :	PAPI_TOT_CYC = 38.058 M	PAPI_TOT_INS = 51.104 M
-- THREAD 29 :	PAPI_TOT_CYC = 38.152 M	PAPI_TOT_INS = 51.355 M
-- THREAD 30 :	PAPI_TOT_CYC = 37.723 M	PAPI_TOT_INS = 51.224 M
-- THREAD 31 :	PAPI_TOT_CYC = 38.020 M	PAPI_TOT_INS = 50.980 M

Total instructions = 1636 M
Perceived clock cycles = 38 M
Perceived CPI = 0.023

Verification: generating the reference solution...done!
comparing reference solution with C...e_sum: 0.000000  OK!

That's all, folks
