Using 
32
 threads
Square matrices are 1024 x 1024 (1048576 elements)!

Setting up PAPI...done!
Initializing matrices...done!
Code version 12: vectorization intrinsics and OpenMP
Warming up caches...done!
run=0 ...done!	run=1 ...done!	run=2 ...done!		Texec: 13 msecs
-- THREAD 0 :	PAPI_TOT_CYC = 38.515 M	PAPI_TOT_INS = 25.807 M
-- THREAD 1 :	PAPI_TOT_CYC = 38.482 M	PAPI_TOT_INS = 25.790 M
-- THREAD 2 :	PAPI_TOT_CYC = 38.424 M	PAPI_TOT_INS = 27.849 M
-- THREAD 3 :	PAPI_TOT_CYC = 38.436 M	PAPI_TOT_INS = 25.786 M
-- THREAD 4 :	PAPI_TOT_CYC = 38.439 M	PAPI_TOT_INS = 25.819 M
-- THREAD 5 :	PAPI_TOT_CYC = 38.698 M	PAPI_TOT_INS = 27.856 M
-- THREAD 6 :	PAPI_TOT_CYC = 38.406 M	PAPI_TOT_INS = 25.833 M
-- THREAD 7 :	PAPI_TOT_CYC = 38.235 M	PAPI_TOT_INS = 26.105 M
-- THREAD 8 :	PAPI_TOT_CYC = 38.835 M	PAPI_TOT_INS = 25.990 M
-- THREAD 9 :	PAPI_TOT_CYC = 38.539 M	PAPI_TOT_INS = 25.841 M
-- THREAD 10 :	PAPI_TOT_CYC = 38.374 M	PAPI_TOT_INS = 25.806 M
-- THREAD 11 :	PAPI_TOT_CYC = 38.243 M	PAPI_TOT_INS = 25.798 M
-- THREAD 12 :	PAPI_TOT_CYC = 38.392 M	PAPI_TOT_INS = 25.851 M
-- THREAD 13 :	PAPI_TOT_CYC = 38.591 M	PAPI_TOT_INS = 27.856 M
-- THREAD 14 :	PAPI_TOT_CYC = 38.546 M	PAPI_TOT_INS = 25.836 M
-- THREAD 15 :	PAPI_TOT_CYC = 38.729 M	PAPI_TOT_INS = 26.915 M
-- THREAD 16 :	PAPI_TOT_CYC = 38.624 M	PAPI_TOT_INS = 25.849 M
-- THREAD 17 :	PAPI_TOT_CYC = 38.635 M	PAPI_TOT_INS = 26.914 M
-- THREAD 18 :	PAPI_TOT_CYC = 38.601 M	PAPI_TOT_INS = 25.901 M
-- THREAD 19 :	PAPI_TOT_CYC = 38.568 M	PAPI_TOT_INS = 27.856 M
-- THREAD 20 :	PAPI_TOT_CYC = 38.247 M	PAPI_TOT_INS = 25.777 M
-- THREAD 21 :	PAPI_TOT_CYC = 38.299 M	PAPI_TOT_INS = 25.805 M
-- THREAD 22 :	PAPI_TOT_CYC = 38.195 M	PAPI_TOT_INS = 25.807 M
-- THREAD 23 :	PAPI_TOT_CYC = 38.273 M	PAPI_TOT_INS = 26.118 M
-- THREAD 24 :	PAPI_TOT_CYC = 38.617 M	PAPI_TOT_INS = 25.851 M
-- THREAD 25 :	PAPI_TOT_CYC = 38.647 M	PAPI_TOT_INS = 25.865 M
-- THREAD 26 :	PAPI_TOT_CYC = 38.215 M	PAPI_TOT_INS = 25.787 M
-- THREAD 27 :	PAPI_TOT_CYC = 38.471 M	PAPI_TOT_INS = 27.851 M
-- THREAD 28 :	PAPI_TOT_CYC = 38.609 M	PAPI_TOT_INS = 27.856 M
-- THREAD 29 :	PAPI_TOT_CYC = 38.740 M	PAPI_TOT_INS = 27.856 M
-- THREAD 30 :	PAPI_TOT_CYC = 38.310 M	PAPI_TOT_INS = 25.756 M
-- THREAD 31 :	PAPI_TOT_CYC = 38.584 M	PAPI_TOT_INS = 27.856 M

Total instructions = 845 M
Perceived clock cycles = 39 M
Perceived CPI = 0.046

Verification: generating the reference solution...done!
comparing reference solution with C...e_sum: 0.000000  OK!

That's all, folks
