Using 
16
 threads
Square matrices are 1024 x 1024 (1048576 elements)!

Setting up PAPI...done!
Initializing matrices...done!
Code version 12: vectorization intrinsics and OpenMP
Warming up caches...done!
run=0 ...done!	run=1 ...done!	run=2 ...done!		Texec: 21 msecs
-- THREAD 0 :	PAPI_TOT_CYC = 45.758 M	PAPI_TOT_INS = 53.613 M
-- THREAD 1 :	PAPI_TOT_CYC = 45.849 M	PAPI_TOT_INS = 53.613 M
-- THREAD 2 :	PAPI_TOT_CYC = 45.642 M	PAPI_TOT_INS = 53.613 M
-- THREAD 3 :	PAPI_TOT_CYC = 45.762 M	PAPI_TOT_INS = 53.613 M
-- THREAD 4 :	PAPI_TOT_CYC = 45.531 M	PAPI_TOT_INS = 53.613 M
-- THREAD 5 :	PAPI_TOT_CYC = 45.584 M	PAPI_TOT_INS = 53.613 M
-- THREAD 6 :	PAPI_TOT_CYC = 45.444 M	PAPI_TOT_INS = 53.613 M
-- THREAD 7 :	PAPI_TOT_CYC = 45.614 M	PAPI_TOT_INS = 53.613 M
-- THREAD 8 :	PAPI_TOT_CYC = 45.613 M	PAPI_TOT_INS = 53.613 M
-- THREAD 9 :	PAPI_TOT_CYC = 45.714 M	PAPI_TOT_INS = 53.613 M
-- THREAD 10 :	PAPI_TOT_CYC = 45.426 M	PAPI_TOT_INS = 53.613 M
-- THREAD 11 :	PAPI_TOT_CYC = 62.143 M	PAPI_TOT_INS = 51.564 M
-- THREAD 12 :	PAPI_TOT_CYC = 45.399 M	PAPI_TOT_INS = 53.613 M
-- THREAD 13 :	PAPI_TOT_CYC = 45.439 M	PAPI_TOT_INS = 53.613 M
-- THREAD 14 :	PAPI_TOT_CYC = 62.076 M	PAPI_TOT_INS = 51.513 M
-- THREAD 15 :	PAPI_TOT_CYC = 45.615 M	PAPI_TOT_INS = 53.613 M

Total instructions = 854 M
Perceived clock cycles = 62 M
Perceived CPI = 0.073

Verification: generating the reference solution...done!
comparing reference solution with C...e_sum: 0.000000  OK!

That's all, folks
