Square matrices are 1024 x 1024 (1048576 elements)!

Setting up PAPI... PAPI has 11 counters
done!
Initializing matrices...done!
Code version 2: Loop reordering
>>>>
	Measurement loop 0 out of 2
Warming up caches...done!
run=0 ...done!	>>>>
	Measurement loop 1 out of 2
Warming up caches...done!
run=0 ...done!	>>>>
	Measurement loop 2 out of 2
Warming up caches...done!
run=0 ...done!	

Wall clock time: 1077618 usecs
PAPI_TOT_CYC = 3249888234
PAPI_TOT_INS = 7522496444
PAPI_SR_INS = 1073741874
PAPI_LD_INS = 3221366689
CPI = 0.4; CPE = 3099.3
Verification: generating the reference solution...done!
comparing reference solution with C...e_sum: 0.000000  OK!

That's all, folks
