SIMAN Run Controller.

0.0 Hours>
----------------------------------------------------------------------
17114:CCREAT
A runtime error was detected at time 2.5561254 at the following block:

 *    1 8$              CREATE,1,MinutesToBaseTime(0.0),Cliente:
                            MinutesToBaseTime(EXPO(1)):
                            NEXT(9$);

Maximum of 150 entities exceeded.
Possible causes:
- A logic problem in your model is creating too many entities or not
  disposing them. The run controller may be helpful in finding the problem.
- You are in demo mode and have exceeded the entity limit. The commercial
  version is required to run large models.
- You have set an entity limit on the DISCRETE element that is too small.
  Remove the limit or set it to a larger number.
- You have exceeded the standard array s 
pace for models. Use the Array Sizes
  page in the Run/Setup dialog to increase the RSET space allocated and
  recheck your model.
----------------------------------------------------------------------


SIMAN Run Controller.

2.5561254 Hours>
                                      ARENA Simulation Results
                             a95254@alunos.uminho.pt - License: STUDENT

                                  Summary for Replication 1 of 1

Project: Unnamed Project                                             Run execution date :10/16/2020
Analyst: a95254@alunos.uminho.pt                                     Model revision date:10/16/2020

Replication ended at time      : 2.5561254 Hours 
Base Time Units: Hours

                                           TALLY VARIABLES

Identifier                                  Average   Half Width  Minimum    Maximum   Observations
___________________________________________________________________________________________________

Cliente.VATime                              2.0340     (Insuf)    2.0340     2.0340          1    
Cliente.NVATime                             .00000     (Insuf)    .00000     .00000          1    
Cliente.WaitTime                            .00000     (Insuf)    .00000     .00000          1    
Cliente.TranTime                            .00000     (Insuf)    .00000     .00000          1    
Cliente.OtherTime                           .00000     (Insuf)    .00000     .00000          1    
Cliente.TotalTime                           2.0340     (Insuf)    2.0340     2.0340          1    
Atendimento Doméstico.Queue.WaitingTime     1.1015     (Insuf)    .00000     2.0899          3    
Estacionar.Queue.WaitingTime                .07838     (Insuf)    .00000     1.6459         21    
Atendimento Empresarial.Queue.WaitingTime   1.1979     (Insuf)    .00000     2.1389          3    

                                     DISCRETE-CHANGE VARIABLES

Identifier                                  Average   Half Width  Minimum    Maximum   Final Value
___________________________________________________________________________________________________

Cliente.WIP                                 72.239     (Insuf)    .00000     148.00     148.00    
Junior.NumberBusy                           .99450     (Insuf)    .00000     1.0000     1.0000    
Junior.NumberScheduled                      1.0000     (Insuf)    1.0000     1.0000     1.0000    
Junior.Utilization                          .99450     (Insuf)    .00000     1.0000     1.0000    
LugarEstacionamento.NumberBusy              18.641     (Insuf)    .00000     20.000     20.000    
LugarEstacionamento.NumberScheduled         20.000     (Insuf)    20.000     20.000     20.000    
LugarEstacionamento.Utilization             .93209     (Insuf)    .00000     1.0000     1.0000    
Senior.NumberBusy                           2.9097     (Insuf)    .00000     3.0000     3.0000    
Senior.NumberScheduled                      3.0000     (Insuf)    3.0000     3.0000     3.0000    
Senior.Utilization                          .96993     (Insuf)    .00000     1.0000     1.0000    
Atendimento Doméstico.Queue.NumberInQueue   9.4604     (Insuf)    .00000     11.000     9.0000    
Estacionar.Queue.NumberInQueue              53.598     (Insuf)    .00000     128.00     128.00    
Atendimento Empresarial.Queue.NumberInQueu  6.0915     (Insuf)    .00000     7.0000     6.0000    

                                             OUTPUTS

Identifier                                   Value
_____________________________________________________________

Cliente.NumberIn                            149.00    
Cliente.NumberOut                           1.0000    
Junior.NumberSeized                         3.0000    
Junior.ScheduledUtilization                 .99450    
LugarEstacionamento.NumberSeized            21.000    
LugarEstacionamento.ScheduledUtilization    .93209    
Senior.NumberSeized                         9.0000    
Senior.ScheduledUtilization                 .96993    
System.NumberOut                            1.0000    


Simulation run time: 0.28 minutes.
Simulation run completed with 1 error(s) and 0 warning(s).
